#
# There is insufficient memory for the Java Runtime Environment to continue.
# Native memory allocation (mmap) failed to map 266338304 bytes for G1 virtual space
# Possible reasons:
#   The system is out of physical RAM or swap space
#   The process is running with CompressedOops enabled, and the Java Heap may be blocking the growth of the native heap
# Possible solutions:
#   Reduce memory load on the system
#   Increase physical memory or swap space
#   Check if swap backing store is full
#   Decrease Java heap size (-Xmx/-Xms)
#   Decrease number of Java threads
#   Decrease Java thread stack sizes (-Xss)
#   Set larger code cache with -XX:ReservedCodeCacheSize=
#   JVM is running with Zero Based Compressed Oops mode in which the Java heap is
#     placed in the first 32GB address space. The Java Heap base address is the
#     maximum limit for the native heap growth. Please use -XX:HeapBaseMinAddress
#     to set the Java Heap base and to place the Java Heap above 32GB virtual address.
# This output file may be truncated or incomplete.
#
#  Out of Memory Error (os_windows.cpp:3466), pid=18544, tid=1284
#
# JRE version:  (16.0.1+9) (build )
# Java VM: OpenJDK 64-Bit Server VM (16.0.1+9-24, mixed mode, sharing, tiered, compressed oops, compressed class ptrs, g1 gc, windows-amd64)
# No core dump will be written. Minidumps are not enabled by default on client versions of Windows
#

---------------  S U M M A R Y ------------

Command Line: -javaagent:D:\Instaled\IntelliJ IDEA Community Edition 2020.3.3\lib\idea_rt.jar=62486:D:\Instaled\IntelliJ IDEA Community Edition 2020.3.3\bin -Dfile.encoding=UTF-8 com.order.data.MainTest

Host: Intel(R) Core(TM) i7-8750H CPU @ 2.20GHz, 12 cores, 15G,  Windows 10 , 64 bit Build 19041 (10.0.19041.1348)
Time: Mon Jan 10 12:32:53 2022  Windows 10 , 64 bit Build 19041 (10.0.19041.1348) elapsed time: 0.034777 seconds (0d 0h 0m 0s)

---------------  T H R E A D  ---------------

Current thread (0x0000020fd538bac0):  JavaThread "Unknown thread" [_thread_in_vm, id=1284, stack(0x000000b72c900000,0x000000b72ca00000)]

Stack: [0x000000b72c900000,0x000000b72ca00000]
Native frames: (J=compiled Java code, j=interpreted, Vv=VM code, C=native code)
V  [jvm.dll+0x6687ca]
V  [jvm.dll+0x7ca3c9]
V  [jvm.dll+0x7cbb53]
V  [jvm.dll+0x7cc1b3]
V  [jvm.dll+0x242ea5]
V  [jvm.dll+0x665589]
V  [jvm.dll+0x65a175]
V  [jvm.dll+0x2fc5ab]
V  [jvm.dll+0x3037a6]
V  [jvm.dll+0x352fee]
V  [jvm.dll+0x35321f]
V  [jvm.dll+0x2d3618]
V  [jvm.dll+0x2d4854]
V  [jvm.dll+0x79ccb1]
V  [jvm.dll+0x360de1]
V  [jvm.dll+0x77a990]
V  [jvm.dll+0x3e55af]
V  [jvm.dll+0x3e7081]
C  [jli.dll+0x52fb]
C  [ucrtbase.dll+0x21bb2]
C  [KERNEL32.DLL+0x17034]
C  [ntdll.dll+0x52651]


---------------  P R O C E S S  ---------------

Threads class SMR info:
_java_thread_list=0x00007ffcffdbcbb8, length=0, elements={
}

Java Threads: ( => current thread )

Other Threads:
  0x0000020fd53ddff0 GCTaskThread "GC Thread#0" [stack: 0x000000b72ca00000,0x000000b72cb00000] [id=21164]
  0x0000020fd335df10 ConcurrentGCThread "G1 Main Marker" [stack: 0x000000b72cb00000,0x000000b72cc00000] [id=15748]
  0x0000020fd53ebfd0 ConcurrentGCThread "G1 Conc#0" [stack: 0x000000b72cc00000,0x000000b72cd00000] [id=22900]

[error occurred during error reporting (printing all threads), id 0xc0000005, EXCEPTION_ACCESS_VIOLATION (0xc0000005) at pc=0x00007ffcff5944d7]

VM state: not at safepoint (not fully initialized)

VM Mutex/Monitor currently owned by a thread:  ([mutex/lock_event])
[0x0000020fd5388340] Heap_lock - owner thread: 0x0000020fd538bac0

Heap address: 0x0000000702600000, size: 4058 MB, Compressed Oops mode: Zero based, Oop shift amount: 3

CDS archive(s) mapped at: [0x0000000000000000-0x0000000000000000-0x0000000000000000), size 0, SharedBaseAddress: 0x0000000800000000, ArchiveRelocationMode: 0.
Narrow klass base: 0x0000000000000000, Narrow klass shift: 0, Narrow klass range: 0x0

GC Precious Log:
<Empty>

Heap:
 garbage-first heap   total 0K, used 0K [0x0000000702600000, 0x0000000800000000)
  region size 2048K, 0 young (0K), 0 survivors (0K)

[error occurred during error reporting (printing heap information), id 0xc0000005, EXCEPTION_ACCESS_VIOLATION (0xc0000005) at pc=0x00007ffcff9724ed]

GC Heap History (0 events):
No events

Deoptimization events (0 events):
No events

Classes unloaded (0 events):
No events

Classes redefined (0 events):
No events

Internal exceptions (0 events):
No events

Events (1 events):
Event: 0.027 Loaded shared library C:\Users\msi\.jdks\openjdk-16.0.1\bin\java.dll


Dynamic libraries:
0x00007ff60deb0000 - 0x00007ff60debe000 	C:\Users\msi\.jdks\openjdk-16.0.1\bin\java.exe
0x00007ffd3f590000 - 0x00007ffd3f785000 	C:\WINDOWS\SYSTEM32\ntdll.dll
0x00007ffd3d830000 - 0x00007ffd3d8ee000 	C:\WINDOWS\System32\KERNEL32.DLL
0x00007ffd3cdf0000 - 0x00007ffd3d0b8000 	C:\WINDOWS\System32\KERNELBASE.dll
0x00007ffd3d4d0000 - 0x00007ffd3d5d0000 	C:\WINDOWS\System32\ucrtbase.dll
0x00007ffd36c90000 - 0x00007ffd36ca8000 	C:\Users\msi\.jdks\openjdk-16.0.1\bin\jli.dll
0x00007ffd3e4e0000 - 0x00007ffd3e681000 	C:\WINDOWS\System32\USER32.dll
0x00007ffd37c10000 - 0x00007ffd37c29000 	C:\Users\msi\.jdks\openjdk-16.0.1\bin\VCRUNTIME140.dll
0x00007ffd3d120000 - 0x00007ffd3d142000 	C:\WINDOWS\System32\win32u.dll
0x00007ffd3f160000 - 0x00007ffd3f18b000 	C:\WINDOWS\System32\GDI32.dll
0x00007ffd3d330000 - 0x00007ffd3d43d000 	C:\WINDOWS\System32\gdi32full.dll
0x00007ffd3cca0000 - 0x00007ffd3cd3d000 	C:\WINDOWS\System32\msvcp_win.dll
0x00007ffd19dd0000 - 0x00007ffd1a06a000 	C:\WINDOWS\WinSxS\amd64_microsoft.windows.common-controls_6595b64144ccf1df_6.0.19041.1110_none_60b5254171f9507e\COMCTL32.dll
0x00007ffd3e690000 - 0x00007ffd3e72e000 	C:\WINDOWS\System32\msvcrt.dll
0x00007ffd3f380000 - 0x00007ffd3f3b0000 	C:\WINDOWS\System32\IMM32.DLL
0x00007ffd3a400000 - 0x00007ffd3a40c000 	C:\Users\msi\.jdks\openjdk-16.0.1\bin\vcruntime140_1.dll
0x00007ffd23780000 - 0x00007ffd23811000 	C:\Users\msi\.jdks\openjdk-16.0.1\bin\msvcp140.dll
0x00007ffcff2b0000 - 0x00007ffcffe5b000 	C:\Users\msi\.jdks\openjdk-16.0.1\bin\server\jvm.dll
0x00007ffd3e7c0000 - 0x00007ffd3e86c000 	C:\WINDOWS\System32\ADVAPI32.dll
0x00007ffd3d670000 - 0x00007ffd3d70b000 	C:\WINDOWS\System32\sechost.dll
0x00007ffd3f3b0000 - 0x00007ffd3f4da000 	C:\WINDOWS\System32\RPCRT4.dll
0x00007ffd3f190000 - 0x00007ffd3f198000 	C:\WINDOWS\System32\PSAPI.DLL
0x00007ffd19810000 - 0x00007ffd19819000 	C:\WINDOWS\SYSTEM32\WSOCK32.dll
0x00007ffd23d30000 - 0x00007ffd23d57000 	C:\WINDOWS\SYSTEM32\WINMM.dll
0x00007ffd3f4e0000 - 0x00007ffd3f54b000 	C:\WINDOWS\System32\WS2_32.dll
0x00007ffd36cb0000 - 0x00007ffd36cba000 	C:\WINDOWS\SYSTEM32\VERSION.dll
0x00007ffd3ab90000 - 0x00007ffd3aba2000 	C:\WINDOWS\SYSTEM32\kernel.appcore.dll
0x00007ffd37c90000 - 0x00007ffd37c9a000 	C:\Users\msi\.jdks\openjdk-16.0.1\bin\jimage.dll
0x00007ffd323b0000 - 0x00007ffd32594000 	C:\WINDOWS\SYSTEM32\DBGHELP.DLL
0x00007ffd322c0000 - 0x00007ffd322ec000 	C:\WINDOWS\SYSTEM32\dbgcore.DLL
0x00007ffd3d440000 - 0x00007ffd3d4c2000 	C:\WINDOWS\System32\bcryptPrimitives.dll
0x00007ffd37c00000 - 0x00007ffd37c0e000 	C:\Users\msi\.jdks\openjdk-16.0.1\bin\instrument.dll
0x00007ffd35110000 - 0x00007ffd35135000 	C:\Users\msi\.jdks\openjdk-16.0.1\bin\java.dll

dbghelp: loaded successfully - version: 4.0.5 - missing functions: none
symbol engine: initialized successfully - sym options: 0x614 - pdb path: .;C:\Users\msi\.jdks\openjdk-16.0.1\bin;C:\WINDOWS\SYSTEM32;C:\WINDOWS\WinSxS\amd64_microsoft.windows.common-controls_6595b64144ccf1df_6.0.19041.1110_none_60b5254171f9507e;C:\Users\msi\.jdks\openjdk-16.0.1\bin\server

VM Arguments:
jvm_args: -javaagent:D:\Instaled\IntelliJ IDEA Community Edition 2020.3.3\lib\idea_rt.jar=62486:D:\Instaled\IntelliJ IDEA Community Edition 2020.3.3\bin -Dfile.encoding=UTF-8 
java_command: com.order.data.MainTest
java_class_path (initial): F:\OrderBook\out\production\OrderBook
Launcher Type: SUN_STANDARD

[Global flags]
     intx CICompilerCount                          = 4                                         {product} {ergonomic}
     uint ConcGCThreads                            = 3                                         {product} {ergonomic}
     uint G1ConcRefinementThreads                  = 10                                        {product} {ergonomic}
   size_t G1HeapRegionSize                         = 2097152                                   {product} {ergonomic}
    uintx GCDrainStackTargetSize                   = 64                                        {product} {ergonomic}
   size_t InitialHeapSize                          = 266338304                                 {product} {ergonomic}
   size_t MarkStackSize                            = 4194304                                   {product} {ergonomic}
   size_t MaxHeapSize                              = 4255121408                                {product} {ergonomic}
   size_t MinHeapDeltaBytes                        = 2097152                                   {product} {ergonomic}
   size_t MinHeapSize                              = 8388608                                   {product} {ergonomic}
    uintx NonNMethodCodeHeapSize                   = 5839372                                {pd product} {ergonomic}
    uintx NonProfiledCodeHeapSize                  = 122909434                              {pd product} {ergonomic}
    uintx ProfiledCodeHeapSize                     = 122909434                              {pd product} {ergonomic}
    uintx ReservedCodeCacheSize                    = 251658240                              {pd product} {ergonomic}
     bool SegmentedCodeCache                       = true                                      {product} {ergonomic}
   size_t SoftMaxHeapSize                          = 4255121408                             {manageable} {ergonomic}
     bool UseCompressedClassPointers               = true                           {product lp64_product} {ergonomic}
     bool UseCompressedOops                        = true                           {product lp64_product} {ergonomic}
     bool UseG1GC                                  = true                                      {product} {ergonomic}
     bool UseLargePagesIndividualAllocation        = false                                  {pd product} {ergonomic}

Logging:
Log output configuration:
 #0: stdout all=warning uptime,level,tags
 #1: stderr all=off uptime,level,tags

Environment Variables:
PATH=C:\Program Files (x86)\Common Files\Oracle\Java\javapath;C:\WINDOWS\system32;C:\WINDOWS;C:\WINDOWS\System32\Wbem;C:\WINDOWS\System32\WindowsPowerShell\v1.0\;C:\WINDOWS\System32\OpenSSH\;C:\Program Files (x86)\NVIDIA Corporation\PhysX\Common;C:\Program Files\NVIDIA Corporation\NVIDIA NvDLISR;C:\JavaCore06\Git\cmd;C:\Users\msi\AppData\Local\Microsoft\WindowsApps;;D:\Instaled\IntelliJ IDEA Community Edition 2020.3.3\bin;
USERNAME=msi
OS=Windows_NT
PROCESSOR_IDENTIFIER=Intel64 Family 6 Model 158 Stepping 10, GenuineIntel



---------------  S Y S T E M  ---------------

OS:
 Windows 10 , 64 bit Build 19041 (10.0.19041.1348)
OS uptime: 11 days 20:58 hours

CPU: total 12 (initial active 12) (6 cores per cpu, 2 threads per core) family 6 model 158 stepping 10 microcode 0xb4, cx8, cmov, fxsr, ht, mmx, 3dnowpref, sse, sse2, sse3, ssse3, sse4.1, sse4.2, popcnt, lzcnt, tsc, tscinvbit, avx, avx2, aes, erms, clmul, bmi1, bmi2, adx, fma, vzeroupper, clflush, clflushopt

Memory: 4k page, system-wide physical 16225M (1580M free)
TotalPageFile size 31457M (AvailPageFile size 328M)
current process WorkingSet (physical memory assigned to process): 10M, peak: 10M
current process commit charge ("private bytes"): 64M, peak: 318M

vm_info: OpenJDK 64-Bit Server VM (16.0.1+9-24) for windows-amd64 JRE (16.0.1+9-24), built on Mar 26 2021 19:30:07 by "mach5one" with MS VC++ 16.7 (VS2019)

END.
